# JRE version: Java(TM) SE Runtime Environment (8.0_45-b14) (build 1.8.0_45-b14)
# Java VM: Java HotSpot(TM) 64-Bit Server VM (25.45-b02 mixed mode linux-amd64 compressed oops)
Heap:
 PSYoungGen      total 326656K, used 216621K [0x00000000eab00000, 0x00000000ffd80000, 0x0000000100000000)
  eden space 306688K, 70% used [0x00000000eab00000,0x00000000f7e8b740,0x00000000fd680000)
  from space 19968K, 0% used [0x00000000fea00000,0x00000000fea00000,0x00000000ffd80000)
  to   space 19968K, 0% used [0x00000000fd680000,0x00000000fd680000,0x00000000fea00000)
 ParOldGen       total 63488K, used 41351K [0x00000000c0000000, 0x00000000c3e00000, 0x00000000eab00000)
  object space 63488K, 65% used [0x00000000c0000000,0x00000000c2861e30,0x00000000c3e00000)
 Metaspace       used 56070K, capacity 59264K, committed 59608K, reserved 1101824K
  class space    used 7400K, capacity 7888K, committed 8152K, reserved 1048576K
GC Heap History (10 events):
Event: 4015.197 GC heap before
{Heap before GC invocations=20 (full 6):
 PSYoungGen      total 326144K, used 1439K [0x00000000eab00000, 0x00000000ffe80000, 0x0000000100000000)
  eden space 306176K, 0% used [0x00000000eab00000,0x00000000eab00000,0x00000000fd600000)
  from space 19968K, 7% used [0x00000000fea00000,0x00000000feb67c50,0x00000000ffd80000)
  to   space 20480K, 0% used [0x00000000fd600000,0x00000000fd600000,0x00000000fea00000)
 ParOldGen       total 63488K, used 43325K [0x00000000c0000000, 0x00000000c3e00000, 0x00000000eab00000)
  object space 63488K, 68% used [0x00000000c0000000,0x00000000c2a4f740,0x00000000c3e00000)
 Metaspace       used 54615K, capacity 56704K, committed 57560K, reserved 1099776K
  class space    used 7249K, capacity 7615K, committed 7896K, reserved 1048576K
Event: 4015.379 GC heap after
Heap after GC invocations=20 (full 6):
 PSYoungGen      total 326144K, used 0K [0x00000000eab00000, 0x00000000ffe80000, 0x0000000100000000)
  eden space 306176K, 0% used [0x00000000eab00000,0x00000000eab00000,0x00000000fd600000)
  from space 19968K, 0% used [0x00000000fea00000,0x00000000fea00000,0x00000000ffd80000)
  to   space 20480K, 0% used [0x00000000fd600000,0x00000000fd600000,0x00000000fea00000)
 ParOldGen       total 63488K, used 42889K [0x00000000c0000000, 0x00000000c3e00000, 0x00000000eab00000)
  object space 63488K, 67% used [0x00000000c0000000,0x00000000c29e25f8,0x00000000c3e00000)
 Metaspace       used 54615K, capacity 56704K, committed 57560K, reserved 1099776K
  class space    used 7249K, capacity 7615K, committed 7896K, reserved 1048576K
}
Event: 4293.426 GC heap before
{Heap before GC invocations=21 (full 6):
 PSYoungGen      total 326144K, used 266875K [0x00000000eab00000, 0x00000000ffe80000, 0x0000000100000000)
  eden space 306176K, 87% used [0x00000000eab00000,0x00000000faf9ed50,0x00000000fd600000)
  from space 19968K, 0% used [0x00000000fea00000,0x00000000fea00000,0x00000000ffd80000)
  to   space 20480K, 0% used [0x00000000fd600000,0x00000000fd600000,0x00000000fea00000)
 ParOldGen       total 63488K, used 42889K [0x00000000c0000000, 0x00000000c3e00000, 0x00000000eab00000)
  object space 63488K, 67% used [0x00000000c0000000,0x00000000c29e25f8,0x00000000c3e00000)
 Metaspace       used 55356K, capacity 58060K, committed 58456K, reserved 1099776K
  class space    used 7316K, capacity 7755K, committed 8024K, reserved 1048576K
Event: 4293.433 GC heap after
Heap after GC invocations=21 (full 6):
 PSYoungGen      total 326656K, used 2591K [0x00000000eab00000, 0x00000000ffd80000, 0x0000000100000000)
  eden space 306176K, 0% used [0x00000000eab00000,0x00000000eab00000,0x00000000fd600000)
  from space 20480K, 12% used [0x00000000fd600000,0x00000000fd887c70,0x00000000fea00000)
  to   space 19968K, 0% used [0x00000000fea00000,0x00000000fea00000,0x00000000ffd80000)
 ParOldGen       total 63488K, used 42897K [0x00000000c0000000, 0x00000000c3e00000, 0x00000000eab00000)
  object space 63488K, 67% used [0x00000000c0000000,0x00000000c29e45f8,0x00000000c3e00000)
 Metaspace       used 55356K, capacity 58060K, committed 58456K, reserved 1099776K
  class space    used 7316K, capacity 7755K, committed 8024K, reserved 1048576K
}
Event: 4293.433 GC heap before
{Heap before GC invocations=22 (full 7):
 PSYoungGen      total 326656K, used 2591K [0x00000000eab00000, 0x00000000ffd80000, 0x0000000100000000)
  eden space 306176K, 0% used [0x00000000eab00000,0x00000000eab00000,0x00000000fd600000)
  from space 20480K, 12% used [0x00000000fd600000,0x00000000fd887c70,0x00000000fea00000)
  to   space 19968K, 0% used [0x00000000fea00000,0x00000000fea00000,0x00000000ffd80000)
 ParOldGen       total 63488K, used 42897K [0x00000000c0000000, 0x00000000c3e00000, 0x00000000eab00000)
  object space 63488K, 67% used [0x00000000c0000000,0x00000000c29e45f8,0x00000000c3e00000)
 Metaspace       used 55356K, capacity 58060K, committed 58456K, reserved 1099776K
  class space    used 7316K, capacity 7755K, committed 8024K, reserved 1048576K
Event: 4293.657 GC heap after
Heap after GC invocations=22 (full 7):
 PSYoungGen      total 326656K, used 0K [0x00000000eab00000, 0x00000000ffd80000, 0x0000000100000000)
  eden space 306176K, 0% used [0x00000000eab00000,0x00000000eab00000,0x00000000fd600000)
  from space 20480K, 0% used [0x00000000fd600000,0x00000000fd600000,0x00000000fea00000)
  to   space 19968K, 0% used [0x00000000fea00000,0x00000000fea00000,0x00000000ffd80000)
 ParOldGen       total 63488K, used 44180K [0x00000000c0000000, 0x00000000c3e00000, 0x00000000eab00000)
  object space 63488K, 69% used [0x00000000c0000000,0x00000000c2b25298,0x00000000c3e00000)
 Metaspace       used 55356K, capacity 58060K, committed 58456K, reserved 1099776K
  class space    used 7316K, capacity 7755K, committed 8024K, reserved 1048576K
}
Event: 4820.391 GC heap before
{Heap before GC invocations=23 (full 7):
 PSYoungGen      total 326656K, used 132928K [0x00000000eab00000, 0x00000000ffd80000, 0x0000000100000000)
  eden space 306176K, 43% used [0x00000000eab00000,0x00000000f2cd0130,0x00000000fd600000)
  from space 20480K, 0% used [0x00000000fd600000,0x00000000fd600000,0x00000000fea00000)
  to   space 19968K, 0% used [0x00000000fea00000,0x00000000fea00000,0x00000000ffd80000)
 ParOldGen       total 63488K, used 44180K [0x00000000c0000000, 0x00000000c3e00000, 0x00000000eab00000)
  object space 63488K, 69% used [0x00000000c0000000,0x00000000c2b25298,0x00000000c3e00000)
 Metaspace       used 55623K, capacity 58396K, committed 58712K, reserved 1099776K
  class space    used 7340K, capacity 7792K, committed 8024K, reserved 1048576K
Event: 4820.396 GC heap after
Heap after GC invocations=23 (full 7):
 PSYoungGen      total 326656K, used 1407K [0x00000000eab00000, 0x00000000ffd80000, 0x0000000100000000)
  eden space 306688K, 0% used [0x00000000eab00000,0x00000000eab00000,0x00000000fd680000)
  from space 19968K, 7% used [0x00000000fea00000,0x00000000feb5fc50,0x00000000ffd80000)
  to   space 19968K, 0% used [0x00000000fd680000,0x00000000fd680000,0x00000000fea00000)
 ParOldGen       total 63488K, used 44188K [0x00000000c0000000, 0x00000000c3e00000, 0x00000000eab00000)
  object space 63488K, 69% used [0x00000000c0000000,0x00000000c2b27298,0x00000000c3e00000)
 Metaspace       used 55623K, capacity 58396K, committed 58712K, reserved 1099776K
  class space    used 7340K, capacity 7792K, committed 8024K, reserved 1048576K
}
Event: 4820.396 GC heap before
{Heap before GC invocations=24 (full 8):
 PSYoungGen      total 326656K, used 1407K [0x00000000eab00000, 0x00000000ffd80000, 0x0000000100000000)
  eden space 306688K, 0% used [0x00000000eab00000,0x00000000eab00000,0x00000000fd680000)
  from space 19968K, 7% used [0x00000000fea00000,0x00000000feb5fc50,0x00000000ffd80000)
  to   space 19968K, 0% used [0x00000000fd680000,0x00000000fd680000,0x00000000fea00000)
 ParOldGen       total 63488K, used 44188K [0x00000000c0000000, 0x00000000c3e00000, 0x00000000eab00000)
  object space 63488K, 69% used [0x00000000c0000000,0x00000000c2b27298,0x00000000c3e00000)
 Metaspace       used 55623K, capacity 58396K, committed 58712K, reserved 1099776K
  class space    used 7340K, capacity 7792K, committed 8024K, reserved 1048576K
Event: 4820.624 GC heap after
Heap after GC invocations=24 (full 8):
 PSYoungGen      total 326656K, used 0K [0x00000000eab00000, 0x00000000ffd80000, 0x0000000100000000)
  eden space 306688K, 0% used [0x00000000eab00000,0x00000000eab00000,0x00000000fd680000)
  from space 19968K, 0% used [0x00000000fea00000,0x00000000fea00000,0x00000000ffd80000)
  to   space 19968K, 0% used [0x00000000fd680000,0x00000000fd680000,0x00000000fea00000)
 ParOldGen       total 63488K, used 41351K [0x00000000c0000000, 0x00000000c3e00000, 0x00000000eab00000)
  object space 63488K, 65% used [0x00000000c0000000,0x00000000c2861e30,0x00000000c3e00000)
 Metaspace       used 55601K, capacity 58360K, committed 58712K, reserved 1099776K
  class space    used 7337K, capacity 7786K, committed 8024K, reserved 1048576K
}

